D:\Yiming\code\VS2010 Project\CPUmleFit_LM\CPUmleFit_LM\CPUmleFit_LM\x64\Release\cl.command.1.tlog
D:\Yiming\code\VS2010 Project\CPUmleFit_LM\CPUmleFit_LM\CPUmleFit_LM\x64\Release\CL.read.1.tlog
D:\Yiming\code\VS2010 Project\CPUmleFit_LM\CPUmleFit_LM\CPUmleFit_LM\x64\Release\CL.write.1.tlog
D:\YIMING\CODE\VS2010 PROJECT\CPUMLEFIT_LM\CPUMLEFIT_LM\CPUMLEFIT_LM\X64\RELEASE\CPUGAUSSLIB.OBJ
D:\YIMING\CODE\VS2010 PROJECT\CPUMLEFIT_LM\CPUMLEFIT_LM\CPUMLEFIT_LM\X64\RELEASE\CPUMLEFIT_LM.MEXW64.INTERMEDIATE.MANIFEST
D:\YIMING\CODE\VS2010 PROJECT\CPUMLEFIT_LM\CPUMLEFIT_LM\CPUMLEFIT_LM\X64\RELEASE\CPUMLEFIT_LM.OBJ
D:\Yiming\code\VS2010 Project\CPUmleFit_LM\CPUmleFit_LM\CPUmleFit_LM\x64\Release\CPUmleFit_LM.vcxprojResolveAssemblyReference.cache
D:\Yiming\code\VS2010 Project\CPUmleFit_LM\CPUmleFit_LM\CPUmleFit_LM\x64\Release\CPUmleFit_LM.write.1.tlog
D:\YIMING\CODE\VS2010 PROJECT\CPUMLEFIT_LM\CPUMLEFIT_LM\CPUMLEFIT_LM\X64\RELEASE\CPUSPLINELIB.OBJ
D:\Yiming\code\VS2010 Project\CPUmleFit_LM\CPUmleFit_LM\CPUmleFit_LM\x64\Release\link.command.1.tlog
D:\Yiming\code\VS2010 Project\CPUmleFit_LM\CPUmleFit_LM\CPUmleFit_LM\x64\Release\link.read.1.tlog
D:\Yiming\code\VS2010 Project\CPUmleFit_LM\CPUmleFit_LM\CPUmleFit_LM\x64\Release\link.write.1.tlog
D:\YIMING\CODE\VS2010 PROJECT\CPUMLEFIT_LM\CPUMLEFIT_LM\CPUMLEFIT_LM\X64\RELEASE\MEXFUNCTION.OBJ
D:\Yiming\code\VS2010 Project\CPUmleFit_LM\CPUmleFit_LM\CPUmleFit_LM\x64\Release\mt.command.1.tlog
D:\Yiming\code\VS2010 Project\CPUmleFit_LM\CPUmleFit_LM\CPUmleFit_LM\x64\Release\mt.read.1.tlog
D:\Yiming\code\VS2010 Project\CPUmleFit_LM\CPUmleFit_LM\CPUmleFit_LM\x64\Release\mt.write.1.tlog
D:\YIMING\CODE\VS2010 PROJECT\CPUMLEFIT_LM\CPUMLEFIT_LM\CPUMLEFIT_LM\X64\RELEASE\VC100.PDB
D:\Yiming\code\VS2010 Project\CPUmleFit_LM\CPUmleFit_LM\x64\Release\CPUmleFit_LM.exp
D:\Yiming\code\VS2010 Project\CPUmleFit_LM\CPUmleFit_LM\x64\Release\CPUmleFit_LM.lib
D:\YIMING\CODE\VS2010 PROJECT\CPUMLEFIT_LM\CPUMLEFIT_LM\X64\RELEASE\CPUMLEFIT_LM.MEXW64
D:\YIMING\CODE\VS2010 PROJECT\CPUMLEFIT_LM\CPUMLEFIT_LM\X64\RELEASE\CPUMLEFIT_LM.PDB
